<?xml version="1.0" encoding="UTF-8"?>
<!-- Generated by org.testng.reporters.JUnitReportReporter -->
<testsuite hostname="LTIN646224" failures="0" tests="3" name="Test.TestDemo" time="0.014" errors="0" timestamp="2025-08-26T11:32:00 IST" skipped="0">
  <testcase classname="Test.TestDemo" name="verifyTitle" time="0.011"/>
  <testcase classname="Test.TestDemo" name="verifyPage" time="0.002"/>
  <testcase classname="Test.TestDemo" name="verifyPage" time="0.001"/>
</testsuite> <!-- Test.TestDemo -->
